<?xml version="1.0" encoding="UTF-8"?>
<!-- Copyright (C) 2012 Inera AB (http://www.inera.se) This file is part of Inera Certificate Web (http://code.google.com/p/inera-certificate-web). Inera Certificate Web is free software: you can redistribute
  it and/or modify it under the terms of the GNU Affero General Public License as published by the Free Software Foundation, either version 3 of the License, or (at your option) any later version. Inera
  Certificate Web is distributed in the hope that it will be useful, but WITHOUT ANY WARRANTY; without even the implied warranty of MERCHANTABILITY or FITNESS FOR A PARTICULAR PURPOSE. See the GNU Affero
  General Public License for more details. You should have received a copy of the GNU Affero General Public License along with this program. If not, see <http://www.gnu.org/licenses/>. -->

<beans xmlns="http://www.springframework.org/schema/beans" xmlns:xsi="http://www.w3.org/2001/XMLSchema-instance"
       xmlns:jaxws="http://cxf.apache.org/jaxws" xmlns:cxf="http://cxf.apache.org/core"
       xmlns:context="http://www.springframework.org/schema/context"
       xmlns:jaxrs="http://cxf.apache.org/jaxrs"
       xmlns:http="http://cxf.apache.org/transports/http/configuration"
       xsi:schemaLocation="http://www.springframework.org/schema/beans http://www.springframework.org/schema/beans/spring-beans.xsd
        http://cxf.apache.org/jaxws http://cxf.apache.org/schemas/jaxws.xsd
        http://cxf.apache.org/jaxrs http://cxf.apache.org/schemas/jaxrs.xsd
        http://www.springframework.org/schema/context http://www.springframework.org/schema/context/spring-context.xsd
        http://cxf.apache.org/core http://cxf.apache.org/schemas/core.xsd
        http://cxf.apache.org/transports/http/configuration
                http://cxf.apache.org/schemas/configuration/http-conf.xsd">
    <context:annotation-config/>


    <context:property-placeholder
            location="classpath:default.dev.properties, classpath:version.properties"
            ignore-resource-not-found="false" ignore-unresolvable="true"/>

    <cxf:bus>
    <cxf:features>
      <cxf:logging/>
    </cxf:features>
  </cxf:bus>

  <!-- ws endpoints -->

    <!-- ws clients -->
    <jaxws:client id="sendQuestionToFKClient"
                  serviceClass="se.inera.webcert.sendmedicalcertificatequestion.v1.rivtabp20.SendMedicalCertificateQuestionResponderInterface"
                  address="${sendquestiontofk.endpoint.url}">
    </jaxws:client>
    <jaxws:client id="sendAnswerToFKClient"
                  serviceClass="se.inera.webcert.sendmedicalcertificateanswer.v1.rivtabp20.SendMedicalCertificateAnswerResponderInterface"
                  address="${sendanswertofk.endpoint.url}">
    </jaxws:client>

  <beans profile="dev,test,qa">


  </beans>




</beans>
