<?xml version="1.0" encoding="UTF-8"?>
<beans xmlns="http://www.springframework.org/schema/beans"
    xmlns:xsi="http://www.w3.org/2001/XMLSchema-instance" xmlns:context="http://www.springframework.org/schema/context"
    xsi:schemaLocation="http://www.springframework.org/schema/beans http://www.springframework.org/schema/beans/spring-beans.xsd
    http://www.springframework.org/schema/context http://www.springframework.org/schema/context/spring-context.xsd">

  <import resource="beans-context.xml" />
  <import resource="camel-context.xml" />
  <import resource="test-broker-context.xml" />
  <import resource="test-service-context.xml" />

  <context:annotation-config />

  <context:component-scan base-package="se.inera.webcert.notifications" />
  
  <bean id="certificateStatusUpdateForCareResponder" class="se.inera.webcert.notifications.service.CertificateStatusUpdateForCareResponderStub"/>
  
</beans>