<?xml version="1.0" encoding="UTF-8"?>
<beans xmlns="http://www.springframework.org/schema/beans"
  xmlns:xsi="http://www.w3.org/2001/XMLSchema-instance" xmlns:amq="http://activemq.apache.org/schema/core"
  xsi:schemaLocation="http://www.springframework.org/schema/beans http://www.springframework.org/schema/beans/spring-beans.xsd
    http://activemq.apache.org/schema/core http://activemq.apache.org/schema/core/activemq-core-5.8.0.xsd">

  <bean id="jmsTemplate" class="org.springframework.jms.core.JmsTemplate">
    <property name="connectionFactory" ref="jmsFactory" />
    <property name="defaultDestination" ref="queue" />
  </bean>

  <bean id="activemq" class="org.apache.activemq.camel.component.ActiveMQComponent">
    <property name="connectionFactory" ref="jmsFactory"/>
  </bean>

  <bean id="jmsFactory" class="org.apache.activemq.pool.PooledConnectionFactory"
    destroy-method="stop">
    <property name="connectionFactory">
      <bean class="org.apache.activemq.ActiveMQConnectionFactory">
        <property name="brokerURL" value="tcp://localhost:61618" />
      </bean>
    </property>
  </bean>

  <amq:broker persistent="false">
    <amq:transportConnectors>
      <amq:transportConnector uri="tcp://localhost:61618" />
    </amq:transportConnectors>
  </amq:broker>

  <amq:queue id="queue" physicalName="notificationQueue" />

</beans>