<?xml version="1.0" encoding="UTF-8"?>
<beans xmlns="http://www.springframework.org/schema/beans"
  xmlns:xsi="http://www.w3.org/2001/XMLSchema-instance" xmlns:jpa="http://www.springframework.org/schema/data/jpa"
  xmlns:tx="http://www.springframework.org/schema/tx" xmlns:jdbc="http://www.springframework.org/schema/jdbc"
  xsi:schemaLocation="http://www.springframework.org/schema/beans http://www.springframework.org/schema/beans/spring-beans.xsd
    http://www.springframework.org/schema/data/jpa http://www.springframework.org/schema/data/jpa/spring-jpa.xsd
    http://www.springframework.org/schema/jdbc http://www.springframework.org/schema/jdbc/spring-jdbc.xsd
    http://www.springframework.org/schema/tx http://www.springframework.org/schema/tx/spring-tx.xsd">

  <tx:annotation-driven />

  <jpa:repositories base-package="se.inera.webcert.persistence" />

  <!-- Embedded H2 database -->
  <jdbc:embedded-database id="dataSource" type="H2" />

  <bean id="transactionManager" class="org.springframework.orm.jpa.JpaTransactionManager">
    <property name="entityManagerFactory" ref="entityManagerFactory" />
  </bean>

  <bean id="entityManagerFactory"
    class="org.springframework.orm.jpa.LocalContainerEntityManagerFactoryBean">
    <property name="dataSource" ref="dataSource" />
    <property name="persistenceUnitName" value="jpa.webcert" />
    <property name="jpaVendorAdapter">
      <bean
        class="org.springframework.orm.jpa.vendor.HibernateJpaVendorAdapter">
        <property name="database" value="H2" />
      </bean>
    </property>
  </bean>

  <!-- Populate db tables -->
  <bean id="liquibase" class="liquibase.integration.spring.SpringLiquibase">
    <property name="dataSource" ref="dataSource" />
    <property name="changeLog" value="classpath:changelog/changelog.xml" />
  </bean>
  
  <!-- Populate db with initial test data -->
  <bean id="testDataLoader" class="se.inera.webcert.notifications.TestDataDbUnitLoader" depends-on="liquibase" init-method="loadTestData">
    <property name="dataFile" value="/db/intyg-data.xml"/>
    <property name="intygsIds">
      <list>
        <value>intyg-1</value>
        <value>intyg-2</value>
      </list>
    </property>
  </bean>

</beans>