<?xml version="1.0" encoding="UTF-8"?>
<beans xmlns="http://www.springframework.org/schema/beans"
  xmlns:xsi="http://www.w3.org/2001/XMLSchema-instance"
  xsi:schemaLocation="http://www.springframework.org/schema/beans http://www.springframework.org/schema/beans/spring-beans.xsd">
  
  <bean id="mockWebcertModuleService" class="se.inera.webcert.notifications.service.MockWebcertModuleServiceImpl" />

  <bean id="mockIntygModuleRegistry" class="se.inera.webcert.notifications.service.MockIntygModuleRegistry" />

  <bean id="mockSendCertificateToRecipientResponder" class="se.inera.webcert.notifications.service.MockSendCertificateToRecipientResponder" />

  <bean id="mockRevokeMedicalCertificateResponder" class="se.inera.webcert.notifications.service.MockRevokeMedicalCertificateResponder" />

</beans>
